#
# A fatal error has been detected by the Java Runtime Environment:
#
#  SIGSEGV (0xb) at pc=0x00007fff90321bd2, pid=31036, tid=36355
#
# JRE version: 7.0_10-b18
# Java VM: Java HotSpot(TM) 64-Bit Server VM (23.6-b04 mixed mode bsd-amd64 compressed oops)
# Problematic frame:
# C  [libdispatch.dylib+0x9bd2]  _dispatch_alloc_continuation_alloc+0x44
#
# Failed to write core dump. Core dumps have been disabled. To enable core dumping, try "ulimit -c unlimited" before starting Java again
#
# If you would like to submit a bug report, please visit:
#   http://bugreport.sun.com/bugreport/crash.jsp
#

---------------  T H R E A D  ---------------

Current thread is native thread

siginfo:si_signo=SIGSEGV: si_errno=0, si_code=0 (SEGV0), si_addr=0x0000000000000000

Registers:
RAX=0x0000000108e00000, RBX=0x00007fff7624a480, RCX=0x0000000000000000, RDX=0x00007fff9031c1cb
RSP=0x000000011dd7b5a0, RBP=0x000000011dd7b5c0, RSI=0xce59ee82efee2a85, RDI=0x0000000000000000
R8 =0x0000000000000002, R9 =0x00007fd959e00000, R10=0x0000000000009400, R11=0x00007fd83c0b4e58
R12=0x00007fd959e232c0, R13=0x00007fd959e232c0, R14=0x00007fd959e30460, R15=0x00007fff9031c1cb
RIP=0x00007fff90321bd2, EFLAGS=0x0000000000010246, ERR=0x0000000000000000
  TRAPNO=0x000000000000000d

Top of Stack: (sp=0x000000011dd7b5a0)
0x000000011dd7b5a0:   ff80000000001000 000000000000ffff
0x000000011dd7b5b0:   000000011dd7b5d0 00007fff7624a480
0x000000011dd7b5c0:   000000011dd7b5f0 00007fff9031a667
0x000000011dd7b5d0:   00007fd959e30460 00007fd959e458b0
0x000000011dd7b5e0:   00007fd959e232c0 0000000000000001
0x000000011dd7b5f0:   000000011dd7b630 00007fff87d33de6
0x000000011dd7b600:   00001c0000001c00 00007fff7449d0d0
0x000000011dd7b610:   0000000040000000 00007fff87d34c4a
0x000000011dd7b620:   00007fff74810810 00007fd959e232c0
0x000000011dd7b630:   000000011dd7b9a0 00007fff87cd3eb1
0x000000011dd7b640:   0000000000000000 00007fff87d1a48a
0x000000011dd7b650:   0000000000000000 00007fd959e43210
0x000000011dd7b660:   00007fd959e232c8 00007fd959e232c0
0x000000011dd7b670:   0000000000017d67 00007fd95b0d7200
0x000000011dd7b680:   0000000000000000 0000000000000000
0x000000011dd7b690:   0000000000000000 0000000000000000
0x000000011dd7b6a0:   0000000000000000 0000000000000000
0x000000011dd7b6b0:   0000000000000000 0000000000000000
0x000000011dd7b6c0:   0000000000000000 0000000000000000
0x000000011dd7b6d0:   0000000000000000 0000000000000000
0x000000011dd7b6e0:   0000000000000000 0000000000000000
0x000000011dd7b6f0:   0000000000000000 0000000000000000
0x000000011dd7b700:   0000000000000000 0000000000000000
0x000000011dd7b710:   0000000000000000 0000000000000000
0x000000011dd7b720:   0000000000000000 0000000000000000
0x000000011dd7b730:   0000000000000000 0000000000000000
0x000000011dd7b740:   0000000000000000 0000000000000000
0x000000011dd7b750:   0000000000000000 0000000000000000
0x000000011dd7b760:   0000000000000000 0000000000000000
0x000000011dd7b770:   0000000000000000 0000000000000000
0x000000011dd7b780:   0000000000000000 0000000000000000
0x000000011dd7b790:   0000000000000000 0000000000000000 

Instructions: (pc=0x00007fff90321bd2)
0x00007fff90321bb2:   ff 0f 00 00 48 c1 e1 15 48 8b 74 08 08 48 85 f6
0x00007fff90321bc2:   0f 84 d0 00 00 00 31 ff 85 ff 0f 85 c6 00 00 00
0x00007fff90321bd2:   48 8b 0c 3e 48 f7 d1 48 0f bc c1 74 0a f0 48 0f
0x00007fff90321be2:   ab 04 3e 72 eb eb 0a 48 b8 ff ff ff ff 00 00 00 

Register to memory mapping:

RAX=0x0000000108e00000 is an unallocated location in the heap
RBX=0x00007fff7624a480: _dispatch_main_q+0 in /usr/lib/system/libdispatch.dylib at 0x00007fff90318000
RCX=0x0000000000000000 is an unknown value
RDX=0x00007fff9031c1cb: _dispatch_call_block_and_release+0 in /usr/lib/system/libdispatch.dylib at 0x00007fff90318000
RSP=0x000000011dd7b5a0 is an unknown value
RBP=0x000000011dd7b5c0 is an unknown value
RSI=0xce59ee82efee2a85 is an unknown value
RDI=0x0000000000000000 is an unknown value
R8 =0x0000000000000002 is an unknown value
R9 =0x00007fd959e00000 is an unknown value
R10=0x0000000000009400 is an unknown value
R11=0x00007fd83c0b4e58 is an unknown value
R12=0x00007fd959e232c0 is an unknown value
R13=0x00007fd959e232c0 is an unknown value
R14=0x00007fd959e30460 is an unknown value
R15=0x00007fff9031c1cb: _dispatch_call_block_and_release+0 in /usr/lib/system/libdispatch.dylib at 0x00007fff90318000


Stack: [0x000000011dd06000,0x000000011dd86000],  sp=0x000000011dd7b5a0,  free space=469k
Native frames: (J=compiled Java code, j=interpreted, Vv=VM code, C=native code)
C  [libdispatch.dylib+0x9bd2]  _dispatch_alloc_continuation_alloc+0x44
C  [libdispatch.dylib+0x2667]  _dispatch_barrier_async_f_slow+0x18
C  [CoreGraphics+0x97de6]  _ZN21CGSDatagramReadStream24dispatch_datagrams_asyncEP16dispatch_queue_sPS_+0x5c
C  [CoreGraphics+0x37eb1]  _ZN21CGSDatagramReadStream22dispatch_next_datagramEv+0x725
C  [CoreGraphics+0x3777c]  _ZN21CGSDatagramReadStream18dispatch_datagramsEv+0x32
C  [CoreGraphics+0x375c3]  CGSDatagramReadStreamDispatchDatagramsWithData+0x7c
C  [CoreGraphics+0x37308]  CGSSnarfAndDispatchDatagrams+0x152
C  [CoreGraphics+0x370be]  CGSGetNextEventRecordInternal+0x4e
C  [CoreGraphics+0x3702a]  CGEventCreateNextEvent+0x21
C  [HIToolbox+0x36c4d]  _ZL38PullEventsFromWindowServerOnConnectionjhP17__CFMachPortBoost+0x55
C  [HIToolbox+0x36bc6]  _ZL14MessageHandlerP12__CFMachPortPvlS1_+0x33
C  [CoreFoundation+0x7fd04]  __CFMachPortPerform+0x184
C  [CoreFoundation+0x7fb69]  __CFRUNLOOP_IS_CALLING_OUT_TO_A_SOURCE1_PERFORM_FUNCTION__+0x29
C  [CoreFoundation+0x7fade]  __CFRunLoopDoSource1+0x1de
C  [CoreFoundation+0x70bd6]  __CFRunLoopRun+0x726
C  [CoreFoundation+0x70275]  CFRunLoopRunSpecific+0x135
C  [AppKit+0x1c41ce]  _NSEventThread+0x90
C  [libsystem_pthread.dylib+0x1899]  _pthread_body+0x8a
C  [libsystem_pthread.dylib+0x172a]  _pthread_struct_init+0x0
C  [libsystem_pthread.dylib+0x5fc9]  thread_start+0xd


---------------  P R O C E S S  ---------------

VM state:not at safepoint (normal execution)

VM Mutex/Monitor currently owned by a thread: None

Heap
 def new generation   total 3328K, used 606K [0x0000000108c40000, 0x0000000108fd0000, 0x000000010c590000)
  eden space 3008K,   9% used [0x0000000108c40000, 0x0000000108c87880, 0x0000000108f30000)
  from space 320K, 100% used [0x0000000108f30000, 0x0000000108f80000, 0x0000000108f80000)
  to   space 320K,   0% used [0x0000000108f80000, 0x0000000108f80000, 0x0000000108fd0000)
 tenured generation   total 7360K, used 966K [0x000000010c590000, 0x000000010ccc0000, 0x0000000113840000)
   the space 7360K,  13% used [0x000000010c590000, 0x000000010c681ab0, 0x000000010c681c00, 0x000000010ccc0000)
 compacting perm gen  total 21248K, used 5189K [0x0000000113840000, 0x0000000114d00000, 0x0000000118a40000)
   the space 21248K,  24% used [0x0000000113840000, 0x0000000113d51418, 0x0000000113d51600, 0x0000000114d00000)
No shared spaces configured.

Card table byte_map: [0x0000000118a40000,0x0000000118ac0000] byte_map_base: 0x00000001181f9e00

Polling page: 0x0000000105b50000

Code Cache  [0x0000000105b63000, 0x0000000105dd3000, 0x0000000108b63000)
 total_blobs=248 nmethods=17 adapters=184 free_code_cache=48717Kb largest_free_block=49878720

Compilation events (10 events):
Event: 0.313 Thread 0x00007fd95d803000   12             java.lang.String::lastIndexOf (151 bytes)
Event: 0.319 Thread 0x00007fd95d803000 nmethod 12 0x0000000105bca8d0 code [0x0000000105bcaa20, 0x0000000105bcac78]
Event: 0.477 Thread 0x00007fd95e002000   13             java.lang.String::equals (81 bytes)
Event: 0.482 Thread 0x00007fd95e002000 nmethod 13 0x0000000105bcba90 code [0x0000000105bcbbe0, 0x0000000105bcbe58]
Event: 0.542 Thread 0x00007fd95d803000   15             java.lang.String::replace (127 bytes)
Event: 0.553 Thread 0x00007fd95d803000 nmethod 15 0x0000000105bcec10 code [0x0000000105bced60, 0x0000000105bcf1f8]
Event: 0.584 Thread 0x00007fd95e002000   16             java.lang.Math::min (11 bytes)
Event: 0.584 Thread 0x00007fd95e002000 nmethod 16 0x0000000105bce5d0 code [0x0000000105bce700, 0x0000000105bce738]
Event: 0.599 Thread 0x00007fd95d803000   17             java.lang.String::length (6 bytes)
Event: 0.599 Thread 0x00007fd95d803000 nmethod 17 0x0000000105bd0ed0 code [0x0000000105bd1000, 0x0000000105bd1078]

GC Heap History (4 events):
Event: 0.284 GC heap before
{Heap before GC invocations=0 (full 0):
 def new generation   total 3328K, used 3008K [0x0000000108c40000, 0x0000000108fd0000, 0x000000010c590000)
  eden space 3008K, 100% used [0x0000000108c40000, 0x0000000108f30000, 0x0000000108f30000)
  from space 320K,   0% used [0x0000000108f30000, 0x0000000108f30000, 0x0000000108f80000)
  to   space 320K,   0% used [0x0000000108f80000, 0x0000000108f80000, 0x0000000108fd0000)
 tenured generation   total 7360K, used 0K [0x000000010c590000, 0x000000010ccc0000, 0x0000000113840000)
   the space 7360K,   0% used [0x000000010c590000, 0x000000010c590000, 0x000000010c590200, 0x000000010ccc0000)
 compacting perm gen  total 21248K, used 3330K [0x0000000113840000, 0x0000000114d00000, 0x0000000118a40000)
   the space 21248K,  15% used [0x0000000113840000, 0x0000000113b80be0, 0x0000000113b80c00, 0x0000000114d00000)
No shared spaces configured.
Event: 0.290 GC heap after
Heap after GC invocations=1 (full 0):
 def new generation   total 3328K, used 320K [0x0000000108c40000, 0x0000000108fd0000, 0x000000010c590000)
  eden space 3008K,   0% used [0x0000000108c40000, 0x0000000108c40000, 0x0000000108f30000)
  from space 320K, 100% used [0x0000000108f80000, 0x0000000108fd0000, 0x0000000108fd0000)
  to   space 320K,   0% used [0x0000000108f30000, 0x0000000108f30000, 0x0000000108f80000)
 tenured generation   total 7360K, used 386K [0x000000010c590000, 0x000000010ccc0000, 0x0000000113840000)
   the space 7360K,   5% used [0x000000010c590000, 0x000000010c5f0ba8, 0x000000010c5f0c00, 0x000000010ccc0000)
 compacting perm gen  total 21248K, used 3330K [0x0000000113840000, 0x0000000114d00000, 0x0000000118a40000)
   the space 21248K,  15% used [0x0000000113840000, 0x0000000113b80be0, 0x0000000113b80c00, 0x0000000114d00000)
No shared spaces configured.
}
Event: 0.690 GC heap before
{Heap before GC invocations=1 (full 0):
 def new generation   total 3328K, used 3328K [0x0000000108c40000, 0x0000000108fd0000, 0x000000010c590000)
  eden space 3008K, 100% used [0x0000000108c40000, 0x0000000108f30000, 0x0000000108f30000)
  from space 320K, 100% used [0x0000000108f80000, 0x0000000108fd0000, 0x0000000108fd0000)
  to   space 320K,   0% used [0x0000000108f30000, 0x0000000108f30000, 0x0000000108f80000)
 tenured generation   total 7360K, used 386K [0x000000010c590000, 0x000000010ccc0000, 0x0000000113840000)
   the space 7360K,   5% used [0x000000010c590000, 0x000000010c5f0ba8, 0x000000010c5f0c00, 0x000000010ccc0000)
 compacting perm gen  total 21248K, used 5136K [0x0000000113840000, 0x0000000114d00000, 0x0000000118a40000)
   the space 21248K,  24% used [0x0000000113840000, 0x0000000113d442a0, 0x0000000113d44400, 0x0000000114d00000)
No shared spaces configured.
Event: 0.697 GC heap after
Heap after GC invocations=2 (full 0):
 def new generation   total 3328K, used 320K [0x0000000108c40000, 0x0000000108fd0000, 0x000000010c590000)
  eden space 3008K,   0% used [0x0000000108c40000, 0x0000000108c40000, 0x0000000108f30000)
  from space 320K, 100% used [0x0000000108f30000, 0x0000000108f80000, 0x0000000108f80000)
  to   space 320K,   0% used [0x0000000108f80000, 0x0000000108f80000, 0x0000000108fd0000)
 tenured generation   total 7360K, used 966K [0x000000010c590000, 0x000000010ccc0000, 0x0000000113840000)
   the space 7360K,  13% used [0x000000010c590000, 0x000000010c681ab0, 0x000000010c681c00, 0x000000010ccc0000)
 compacting perm gen  total 21248K, used 5136K [0x0000000113840000, 0x0000000114d00000, 0x0000000118a40000)
   the space 21248K,  24% used [0x0000000113840000, 0x0000000113d442a0, 0x0000000113d44400, 0x0000000114d00000)
No shared spaces configured.
}

Deoptimization events (0 events):
No events

Internal exceptions (10 events):
Event: 0.619 Thread 0x00007fd95e02b800 Threw 0x0000000108ee9ce0 at /HUDSON/workspace/jdk7u10-2-build-macosx-amd64-product/jdk7u10/hotspot/src/share/vm/prims/jvm.cpp:1166
Event: 0.637 Thread 0x00007fd95e02b800 Threw 0x0000000108eef7a8 at /HUDSON/workspace/jdk7u10-2-build-macosx-amd64-product/jdk7u10/hotspot/src/share/vm/prims/jvm.cpp:1166
Event: 0.639 Thread 0x00007fd95e02b800 Threw 0x0000000108ef6018 at /HUDSON/workspace/jdk7u10-2-build-macosx-amd64-product/jdk7u10/hotspot/src/share/vm/prims/jvm.cpp:1166
Event: 0.681 Thread 0x00007fd95e02b800 Threw 0x0000000108efbc98 at /HUDSON/workspace/jdk7u10-2-build-macosx-amd64-product/jdk7u10/hotspot/src/share/vm/prims/jvm.cpp:1166
Event: 0.682 Thread 0x00007fd95e02b800 Threw 0x0000000108f02440 at /HUDSON/workspace/jdk7u10-2-build-macosx-amd64-product/jdk7u10/hotspot/src/share/vm/prims/jvm.cpp:1166
Event: 0.683 Thread 0x00007fd95e02b800 Threw 0x0000000108f0ba20 at /HUDSON/workspace/jdk7u10-2-build-macosx-amd64-product/jdk7u10/hotspot/src/share/vm/prims/jvm.cpp:1166
Event: 0.684 Thread 0x00007fd95e02b800 Threw 0x0000000108f15708 at /HUDSON/workspace/jdk7u10-2-build-macosx-amd64-product/jdk7u10/hotspot/src/share/vm/prims/jvm.cpp:1166
Event: 0.685 Thread 0x00007fd95e02b800 Threw 0x0000000108f1de58 at /HUDSON/workspace/jdk7u10-2-build-macosx-amd64-product/jdk7u10/hotspot/src/share/vm/prims/jvm.cpp:1166
Event: 0.687 Thread 0x00007fd95e02b800 Threw 0x0000000108f25200 at /HUDSON/workspace/jdk7u10-2-build-macosx-amd64-product/jdk7u10/hotspot/src/share/vm/prims/jvm.cpp:1166
Event: 0.690 Thread 0x00007fd95e02b800 Threw 0x0000000108f2f578 at /HUDSON/workspace/jdk7u10-2-build-macosx-amd64-product/jdk7u10/hotspot/src/share/vm/prims/jvm.cpp:1166

Events (10 events):
Event: 0.689 loading class 0x00007fd95b837830 done
Event: 0.689 loading class 0x00007fd95b822130 done
Event: 0.689 loading class 0x00007fd95b92c310
Event: 0.689 loading class 0x00007fd95b92c310 done
Event: 0.690 loading class 0x00007fd95b93e260
Event: 0.690 loading class 0x00007fd95b93e260 done
Event: 0.690 Executing VM operation: GenCollectForAllocation
Event: 0.697 Executing VM operation: GenCollectForAllocation done
Event: 0.699 loading class 0x00007fd959d0a210
Event: 0.699 loading class 0x00007fd959d0a210 done


Dynamic libraries:
0x0000000003d85000 	/System/Library/Frameworks/Cocoa.framework/Versions/A/Cocoa
0x0000000003d85000 	/System/Library/Frameworks/Security.framework/Versions/A/Security
0x0000000003d85000 	/System/Library/Frameworks/ApplicationServices.framework/Versions/A/ApplicationServices
0x0000000003d85000 	/usr/lib/libz.1.dylib
0x0000000003d85000 	/usr/lib/libSystem.B.dylib
0x0000000003d85000 	/usr/lib/libobjc.A.dylib
0x0000000003d85000 	/System/Library/Frameworks/CoreFoundation.framework/Versions/A/CoreFoundation
0x0000000003d85000 	/System/Library/Frameworks/AppKit.framework/Versions/C/AppKit
0x0000000003d85000 	/System/Library/Frameworks/CoreData.framework/Versions/A/CoreData
0x0000000003d85000 	/System/Library/Frameworks/Foundation.framework/Versions/C/Foundation
0x0000000003d85000 	/System/Library/PrivateFrameworks/RemoteViewServices.framework/Versions/A/RemoteViewServices
0x0000000003d85000 	/System/Library/Frameworks/AudioToolbox.framework/Versions/A/AudioToolbox
0x0000000003d85000 	/System/Library/Frameworks/AudioUnit.framework/Versions/A/AudioUnit
0x0000000003d85000 	/System/Library/PrivateFrameworks/DataDetectorsCore.framework/Versions/A/DataDetectorsCore
0x0000000003d85000 	/System/Library/PrivateFrameworks/DesktopServicesPriv.framework/Versions/A/DesktopServicesPriv
0x0000000003d85000 	/System/Library/Frameworks/Carbon.framework/Versions/A/Frameworks/HIToolbox.framework/Versions/A/HIToolbox
0x0000000003d85000 	/System/Library/Frameworks/QuartzCore.framework/Versions/A/QuartzCore
0x0000000003d85000 	/System/Library/Frameworks/Carbon.framework/Versions/A/Frameworks/SpeechRecognition.framework/Versions/A/SpeechRecognition
0x0000000003d85000 	/usr/lib/libauto.dylib
0x0000000003d85000 	/usr/lib/libicucore.A.dylib
0x0000000003d85000 	/usr/lib/libxml2.2.dylib
0x0000000003d85000 	/System/Library/PrivateFrameworks/CoreUI.framework/Versions/A/CoreUI
0x0000000003d85000 	/System/Library/Frameworks/CoreAudio.framework/Versions/A/CoreAudio
0x0000000003d85000 	/System/Library/Frameworks/DiskArbitration.framework/Versions/A/DiskArbitration
0x0000000003d85000 	/usr/lib/liblangid.dylib
0x0000000003d85000 	/System/Library/PrivateFrameworks/MultitouchSupport.framework/Versions/A/MultitouchSupport
0x0000000003d85000 	/System/Library/Frameworks/IOKit.framework/Versions/A/IOKit
0x0000000003d85000 	/usr/lib/libDiagnosticMessagesClient.dylib
0x0000000003d85000 	/System/Library/Frameworks/CoreServices.framework/Versions/A/CoreServices
0x0000000003d85000 	/System/Library/PrivateFrameworks/PerformanceAnalysis.framework/Versions/A/PerformanceAnalysis
0x0000000003d85000 	/System/Library/PrivateFrameworks/GenerationalStorage.framework/Versions/A/GenerationalStorage
0x0000000003d85000 	/System/Library/Frameworks/OpenGL.framework/Versions/A/OpenGL
0x0000000003d85000 	/System/Library/PrivateFrameworks/Sharing.framework/Versions/A/Sharing
0x0000000003d85000 	/System/Library/Frameworks/ImageIO.framework/Versions/A/ImageIO
0x0000000003d85000 	/System/Library/Frameworks/CoreText.framework/Versions/A/CoreText
0x0000000003d85000 	/System/Library/Frameworks/CoreGraphics.framework/Versions/A/CoreGraphics
0x0000000003d85000 	/System/Library/PrivateFrameworks/Backup.framework/Versions/A/Backup
0x0000000003d85000 	/System/Library/Frameworks/CFNetwork.framework/Versions/A/CFNetwork
0x0000000003d85000 	/System/Library/Frameworks/SystemConfiguration.framework/Versions/A/SystemConfiguration
0x0000000003d85000 	/usr/lib/libCRFSuite.dylib
0x0000000003d85000 	/usr/lib/libc++.1.dylib
0x0000000003d85000 	/usr/lib/libc++abi.dylib
0x0000000003d85000 	/usr/lib/system/libcache.dylib
0x0000000003d85000 	/usr/lib/system/libcommonCrypto.dylib
0x0000000003d85000 	/usr/lib/system/libcompiler_rt.dylib
0x0000000003d85000 	/usr/lib/system/libcopyfile.dylib
0x0000000003d85000 	/usr/lib/system/libcorecrypto.dylib
0x0000000003d85000 	/usr/lib/system/libdispatch.dylib
0x0000000003d85000 	/usr/lib/system/libdyld.dylib
0x0000000003d85000 	/usr/lib/system/libkeymgr.dylib
0x0000000003d85000 	/usr/lib/system/liblaunch.dylib
0x0000000003d85000 	/usr/lib/system/libmacho.dylib
0x0000000003d85000 	/usr/lib/system/libquarantine.dylib
0x0000000003d85000 	/usr/lib/system/libremovefile.dylib
0x0000000003d85000 	/usr/lib/system/libsystem_asl.dylib
0x0000000003d85000 	/usr/lib/system/libsystem_blocks.dylib
0x0000000003d85000 	/usr/lib/system/libsystem_c.dylib
0x0000000003d85000 	/usr/lib/system/libsystem_configuration.dylib
0x0000000003d85000 	/usr/lib/system/libsystem_dnssd.dylib
0x0000000003d85000 	/usr/lib/system/libsystem_info.dylib
0x0000000003d85000 	/usr/lib/system/libsystem_kernel.dylib
0x0000000003d85000 	/usr/lib/system/libsystem_m.dylib
0x0000000003d85000 	/usr/lib/system/libsystem_malloc.dylib
0x0000000003d85000 	/usr/lib/system/libsystem_network.dylib
0x0000000003d85000 	/usr/lib/system/libsystem_notify.dylib
0x0000000003d85000 	/usr/lib/system/libsystem_platform.dylib
0x0000000003d85000 	/usr/lib/system/libsystem_pthread.dylib
0x0000000003d85000 	/usr/lib/system/libsystem_sandbox.dylib
0x0000000003d85000 	/usr/lib/system/libsystem_stats.dylib
0x0000000003d85000 	/usr/lib/system/libunc.dylib
0x0000000003d85000 	/usr/lib/system/libunwind.dylib
0x0000000003d85000 	/usr/lib/system/libxpc.dylib
0x0000000003d85000 	/usr/lib/libbsm.0.dylib
0x0000000003d85000 	/usr/lib/libsqlite3.dylib
0x0000000003d85000 	/usr/lib/libxar.1.dylib
0x0000000003d85000 	/usr/lib/libpam.2.dylib
0x0000000003d85000 	/usr/lib/libOpenScriptingUtil.dylib
0x0000000003d85000 	/usr/lib/libbz2.1.0.dylib
0x0000000003d85000 	/System/Library/Frameworks/CoreServices.framework/Versions/A/Frameworks/CarbonCore.framework/Versions/A/CarbonCore
0x0000000003d85000 	/System/Library/Frameworks/CoreServices.framework/Versions/A/Frameworks/Metadata.framework/Versions/A/Metadata
0x0000000003d85000 	/System/Library/Frameworks/CoreServices.framework/Versions/A/Frameworks/OSServices.framework/Versions/A/OSServices
0x0000000003d85000 	/System/Library/Frameworks/CoreServices.framework/Versions/A/Frameworks/SearchKit.framework/Versions/A/SearchKit
0x0000000003d85000 	/System/Library/Frameworks/CoreServices.framework/Versions/A/Frameworks/AE.framework/Versions/A/AE
0x0000000003d85000 	/System/Library/Frameworks/CoreServices.framework/Versions/A/Frameworks/LaunchServices.framework/Versions/A/LaunchServices
0x0000000003d85000 	/System/Library/Frameworks/CoreServices.framework/Versions/A/Frameworks/DictionaryServices.framework/Versions/A/DictionaryServices
0x0000000003d85000 	/System/Library/Frameworks/NetFS.framework/Versions/A/NetFS
0x0000000003d85000 	/usr/lib/system/libkxld.dylib
0x0000000003d85000 	/System/Library/PrivateFrameworks/NetAuth.framework/Versions/A/NetAuth
0x0000000003d85000 	/System/Library/PrivateFrameworks/TCC.framework/Versions/A/TCC
0x0000000003d85000 	/System/Library/Frameworks/OpenDirectory.framework/Versions/A/Frameworks/CFOpenDirectory.framework/Versions/A/CFOpenDirectory
0x0000000003d85000 	/System/Library/Frameworks/ServiceManagement.framework/Versions/A/ServiceManagement
0x0000000003d85000 	/usr/lib/libxslt.1.dylib
0x0000000003d85000 	/System/Library/Frameworks/Carbon.framework/Versions/A/Frameworks/Ink.framework/Versions/A/Ink
0x0000000003d85000 	/System/Library/Frameworks/ApplicationServices.framework/Versions/A/Frameworks/ATS.framework/Versions/A/ATS
0x0000000003d85000 	/System/Library/Frameworks/ApplicationServices.framework/Versions/A/Frameworks/ColorSync.framework/Versions/A/ColorSync
0x0000000003d85000 	/System/Library/Frameworks/ApplicationServices.framework/Versions/A/Frameworks/HIServices.framework/Versions/A/HIServices
0x0000000003d85000 	/System/Library/Frameworks/ApplicationServices.framework/Versions/A/Frameworks/LangAnalysis.framework/Versions/A/LangAnalysis
0x0000000003d85000 	/System/Library/Frameworks/ApplicationServices.framework/Versions/A/Frameworks/PrintCore.framework/Versions/A/PrintCore
0x0000000003d85000 	/System/Library/Frameworks/ApplicationServices.framework/Versions/A/Frameworks/QD.framework/Versions/A/QD
0x0000000003d85000 	/System/Library/Frameworks/ApplicationServices.framework/Versions/A/Frameworks/SpeechSynthesis.framework/Versions/A/SpeechSynthesis
0x0000000003d85000 	/System/Library/Frameworks/IOSurface.framework/Versions/A/IOSurface
0x0000000003d85000 	/System/Library/Frameworks/Accelerate.framework/Versions/A/Accelerate
0x0000000003d85000 	/System/Library/Frameworks/Accelerate.framework/Versions/A/Frameworks/vImage.framework/Versions/A/vImage
0x0000000003d85000 	/System/Library/Frameworks/Accelerate.framework/Versions/A/Frameworks/vecLib.framework/Versions/A/vecLib
0x0000000003d85000 	/System/Library/Frameworks/Accelerate.framework/Versions/A/Frameworks/vecLib.framework/Versions/A/libvDSP.dylib
0x0000000003d85000 	/System/Library/Frameworks/Accelerate.framework/Versions/A/Frameworks/vecLib.framework/Versions/A/libvMisc.dylib
0x0000000003d85000 	/System/Library/Frameworks/Accelerate.framework/Versions/A/Frameworks/vecLib.framework/Versions/A/libLAPACK.dylib
0x0000000003d85000 	/System/Library/Frameworks/Accelerate.framework/Versions/A/Frameworks/vecLib.framework/Versions/A/libBLAS.dylib
0x0000000003d85000 	/System/Library/Frameworks/ApplicationServices.framework/Versions/A/Frameworks/ATS.framework/Versions/A/Resources/libFontParser.dylib
0x0000000003d85000 	/System/Library/Frameworks/ApplicationServices.framework/Versions/A/Frameworks/ATS.framework/Versions/A/Resources/libFontRegistry.dylib
0x0000000003d85000 	/System/Library/Frameworks/ImageIO.framework/Versions/A/Resources/libJPEG.dylib
0x0000000003d85000 	/System/Library/Frameworks/ImageIO.framework/Versions/A/Resources/libTIFF.dylib
0x0000000003d85000 	/System/Library/Frameworks/ImageIO.framework/Versions/A/Resources/libPng.dylib
0x0000000003d85000 	/System/Library/Frameworks/ImageIO.framework/Versions/A/Resources/libGIF.dylib
0x0000000003d85000 	/System/Library/Frameworks/ImageIO.framework/Versions/A/Resources/libJP2.dylib
0x0000000003d85000 	/System/Library/Frameworks/ImageIO.framework/Versions/A/Resources/libRadiance.dylib
0x0000000003d85000 	/usr/lib/libcups.2.dylib
0x0000000003d85000 	/System/Library/Frameworks/Kerberos.framework/Versions/A/Kerberos
0x0000000003d85000 	/System/Library/Frameworks/GSS.framework/Versions/A/GSS
0x0000000003d85000 	/usr/lib/libresolv.9.dylib
0x0000000003d85000 	/usr/lib/libiconv.2.dylib
0x0000000003d85000 	/System/Library/PrivateFrameworks/Heimdal.framework/Versions/A/Heimdal
0x0000000003d85000 	/System/Library/PrivateFrameworks/TrustEvaluationAgent.framework/Versions/A/TrustEvaluationAgent
0x0000000003d85000 	/usr/lib/libheimdal-asn1.dylib
0x0000000003d85000 	/System/Library/Frameworks/OpenDirectory.framework/Versions/A/OpenDirectory
0x0000000003d85000 	/System/Library/PrivateFrameworks/CommonAuth.framework/Versions/A/CommonAuth
0x0000000003d85000 	/System/Library/Frameworks/SecurityFoundation.framework/Versions/A/SecurityFoundation
0x0000000003d85000 	/System/Library/PrivateFrameworks/Bom.framework/Versions/A/Bom
0x0000000003d85000 	/System/Library/Frameworks/CoreVideo.framework/Versions/A/CoreVideo
0x0000000003d85000 	/System/Library/Frameworks/QuartzCore.framework/Versions/A/Frameworks/CoreImage.framework/Versions/A/CoreImage
0x0000000003d85000 	/System/Library/Frameworks/QuartzCore.framework/Versions/A/Frameworks/ScalableUserInterface.framework/Versions/A/ScalableUserInterface
0x0000000003d85000 	/System/Library/Frameworks/OpenGL.framework/Versions/A/Libraries/libGLU.dylib
0x0000000003d85000 	/System/Library/Frameworks/OpenGL.framework/Versions/A/Libraries/libGFXShared.dylib
0x0000000003d85000 	/System/Library/Frameworks/OpenGL.framework/Versions/A/Libraries/libGL.dylib
0x0000000003d85000 	/System/Library/Frameworks/OpenGL.framework/Versions/A/Libraries/libGLImage.dylib
0x0000000003d85000 	/System/Library/Frameworks/OpenGL.framework/Versions/A/Libraries/libCVMSPluginSupport.dylib
0x0000000003d85000 	/System/Library/Frameworks/OpenGL.framework/Versions/A/Libraries/libCoreVMClient.dylib
0x0000000003d85000 	/System/Library/PrivateFrameworks/FaceCore.framework/Versions/A/FaceCore
0x0000000003d85000 	/System/Library/PrivateFrameworks/CrashReporterSupport.framework/Versions/A/CrashReporterSupport
0x0000000003d85000 	/System/Library/Frameworks/OpenCL.framework/Versions/A/OpenCL
0x0000000003d85000 	/System/Library/PrivateFrameworks/AppleFSCompression.framework/Versions/A/AppleFSCompression
0x0000000003d85000 	/System/Library/PrivateFrameworks/Ubiquity.framework/Versions/A/Ubiquity
0x0000000003d85000 	/System/Library/PrivateFrameworks/IconServices.framework/Versions/A/IconServices
0x0000000003d85000 	/System/Library/PrivateFrameworks/ChunkingLibrary.framework/Versions/A/ChunkingLibrary
0x0000000003d85000 	/System/Library/PrivateFrameworks/CoreSymbolication.framework/Versions/A/CoreSymbolication
0x0000000003d85000 	/System/Library/PrivateFrameworks/Symbolication.framework/Versions/A/Symbolication
0x0000000003d85000 	/System/Library/PrivateFrameworks/DebugSymbols.framework/Versions/A/DebugSymbols
0x0000000104f69000 	/Library/Java/JavaVirtualMachines/jdk1.7.0_10.jdk/Contents/Home/jre/lib/server/libjvm.dylib
0x0000000003d85000 	/usr/lib/libstdc++.6.dylib
0x0000000105b13000 	/Library/Java/JavaVirtualMachines/jdk1.7.0_10.jdk/Contents/Home/jre/lib/libverify.dylib
0x0000000105b20000 	/Library/Java/JavaVirtualMachines/jdk1.7.0_10.jdk/Contents/Home/jre/lib/libjava.dylib
0x0000000105b5a000 	/Library/Java/JavaVirtualMachines/jdk1.7.0_10.jdk/Contents/Home/jre/lib/libzip.dylib
0x00000001190c1000 	/System/Library/Frameworks/JavaVM.framework/Frameworks/JavaRuntimeSupport.framework/JavaRuntimeSupport
0x00000001190d9000 	/System/Library/Frameworks/JavaVM.framework/Versions/A/Frameworks/JavaNativeFoundation.framework/Versions/A/JavaNativeFoundation
0x00000001190ee000 	/System/Library/Frameworks/JavaVM.framework/Versions/A/JavaVM
0x0000000003d85000 	/System/Library/Frameworks/Carbon.framework/Versions/A/Carbon
0x00000001190fb000 	/System/Library/PrivateFrameworks/JavaLaunching.framework/Versions/A/JavaLaunching
0x0000000003d85000 	/System/Library/Frameworks/Carbon.framework/Versions/A/Frameworks/CommonPanels.framework/Versions/A/CommonPanels
0x0000000003d85000 	/System/Library/Frameworks/Carbon.framework/Versions/A/Frameworks/Help.framework/Versions/A/Help
0x0000000003d85000 	/System/Library/Frameworks/Carbon.framework/Versions/A/Frameworks/ImageCapture.framework/Versions/A/ImageCapture
0x0000000003d85000 	/System/Library/Frameworks/Carbon.framework/Versions/A/Frameworks/OpenScripting.framework/Versions/A/OpenScripting
0x0000000003d85000 	/System/Library/Frameworks/Carbon.framework/Versions/A/Frameworks/Print.framework/Versions/A/Print
0x0000000003d85000 	/System/Library/Frameworks/Carbon.framework/Versions/A/Frameworks/SecurityHI.framework/Versions/A/SecurityHI
0x000000011978d000 	/private/var/folders/sq/yznfrr6x4k918hzv34l0h6080000gn/T/libgdxAreusAstarte/92bf976d/libgdx.dylib
0x000000011985a000 	/Library/Java/JavaVirtualMachines/jdk1.7.0_10.jdk/Contents/Home/jre/lib/libawt.dylib
0x0000000119909000 	/Library/Java/JavaVirtualMachines/jdk1.7.0_10.jdk/Contents/Home/jre/lib/./libmlib_image.dylib
0x00000001199d5000 	/Library/Java/JavaVirtualMachines/jdk1.7.0_10.jdk/Contents/Home/jre/lib/lwawt/liblwawt.dylib
0x0000000119a87000 	/Library/Java/JavaVirtualMachines/jdk1.7.0_10.jdk/Contents/Home/jre/lib/libosxapp.dylib
0x0000000003d85000 	/System/Library/Frameworks/ExceptionHandling.framework/Versions/A/ExceptionHandling
0x0000000003d85000 	/System/Library/PrivateFrameworks/CoreServicesInternal.framework/Versions/A/CoreServicesInternal
0x0000000003d85000 	/System/Library/PrivateFrameworks/Librarian.framework/Versions/A/Librarian
0x0000000003d85000 	/System/Library/Frameworks/CoreGraphics.framework/Versions/A/Resources/libCGCMS.A.dylib
0x0000000003d85000 	/System/Library/Frameworks/CoreGraphics.framework/Versions/A/Resources/libRIP.A.dylib
0x0000000003d85000 	/System/Library/Frameworks/CoreGraphics.framework/Versions/A/Resources/libCGXType.A.dylib
0x0000000003d85000 	/System/Library/PrivateFrameworks/FamilyControls.framework/Versions/A/FamilyControls
0x0000000003d85000 	/System/Library/PrivateFrameworks/CommerceKit.framework/Versions/A/Frameworks/CommerceCore.framework/Versions/A/CommerceCore
0x0000000003d85000 	/System/Library/PrivateFrameworks/SystemAdministration.framework/Versions/A/SystemAdministration
0x0000000003d85000 	/System/Library/Frameworks/DirectoryService.framework/Versions/A/DirectoryService
0x0000000003d85000 	/System/Library/PrivateFrameworks/DiskImages.framework/Versions/A/DiskImages
0x0000000003d85000 	/System/Library/PrivateFrameworks/LoginUIKit.framework/Versions/A/Frameworks/LoginUICore.framework/Versions/A/LoginUICore
0x0000000003d85000 	/usr/lib/libCoreStorage.dylib
0x0000000003d85000 	/usr/lib/libcsfde.dylib
0x0000000003d85000 	/usr/lib/libodfde.dylib
0x0000000003d85000 	/System/Library/Frameworks/DiscRecording.framework/Versions/A/DiscRecording
0x0000000003d85000 	/usr/lib/libcurl.4.dylib
0x0000000003d85000 	/System/Library/PrivateFrameworks/MediaKit.framework/Versions/A/MediaKit
0x0000000003d85000 	/System/Library/PrivateFrameworks/EFILogin.framework/Versions/A/EFILogin
0x0000000003d85000 	/usr/lib/libutil.dylib
0x0000000003d85000 	/System/Library/PrivateFrameworks/AOSNotification.framework/Versions/A/AOSNotification
0x0000000003d85000 	/System/Library/Frameworks/LDAP.framework/Versions/A/LDAP
0x0000000003d85000 	/usr/lib/libsasl2.2.dylib
0x0000000003d85000 	/usr/lib/libcrypto.0.9.8.dylib
0x0000000003d85000 	/usr/lib/libssl.0.9.8.dylib
0x000000011dd88000 	/Library/Java/JavaVirtualMachines/jdk1.7.0_10.jdk/Contents/Home/jre/lib/libfontmanager.dylib
0x000000011ddd4000 	/private/var/folders/sq/yznfrr6x4k918hzv34l0h6080000gn/T/libgdxAreusAstarte/75260a42/liblwjgl.jnilib
0x000000011b5ab000 	/Library/Java/JavaVirtualMachines/jdk1.7.0_10.jdk/Contents/Home/jre/lib/libjawt.dylib
0x000000011de4f000 	/var/folders/sq/yznfrr6x4k918hzv34l0h6080000gn/T/libgdxAreusAstarte/75260a42/openal.dylib
0x000000011deab000 	/System/Library/Components/CoreAudio.component/Contents/MacOS/CoreAudio
0x000000011c31e000 	/System/Library/Extensions/AppleHDA.kext/Contents/PlugIns/AppleHDAHALPlugIn.bundle/Contents/MacOS/AppleHDAHALPlugIn
0x0000000003d85000 	/System/Library/Frameworks/OpenGL.framework/Versions/A/Resources/GLEngine.bundle/GLEngine
0x0000000003d85000 	/System/Library/Frameworks/OpenGL.framework/Versions/A/Libraries/libGLProgrammability.dylib
0x0000000000000000 	/System/Library/Extensions/AppleIntelHD4000GraphicsGLDriver.bundle/Contents/MacOS/AppleIntelHD4000GraphicsGLDriver
0x0000000003d85000 	/System/Library/PrivateFrameworks/IOAccelerator.framework/Versions/A/IOAccelerator
0x0000000003d85000 	/System/Library/PrivateFrameworks/GPUSupport.framework/Versions/A/Libraries/libGPUSupportMercury.dylib
0x0000000003d85000 	/System/Library/Frameworks/OpenGL.framework/Versions/A/Resources/GLRendererFloat.bundle/GLRendererFloat
0x0000000003d85000 	/System/Library/Frameworks/OpenCL.framework/Versions/A/Libraries/libcldcpuengine.dylib

VM Arguments:
jvm_args: -Dfile.encoding=US-ASCII 
java_command: de.katharinasabel.libgdxtutorial.Main
Launcher Type: SUN_STANDARD

Environment Variables:
PATH=/usr/bin:/bin:/usr/sbin:/sbin
SHELL=/bin/bash
DISPLAY=/tmp/launch-kjlXWR/org.macosforge.xquartz:0

Signal Handlers:
SIGSEGV: [libjvm.dylib+0x4a363d], sa_mask[0]=0xfffefeff, sa_flags=0x00000042
SIGBUS: [libjvm.dylib+0x4a363d], sa_mask[0]=0xfffefeff, sa_flags=0x00000042
SIGFPE: [libjvm.dylib+0x3b3051], sa_mask[0]=0xfffefeff, sa_flags=0x00000042
SIGPIPE: [libjvm.dylib+0x3b3051], sa_mask[0]=0xfffefeff, sa_flags=0x00000042
SIGXFSZ: [libjvm.dylib+0x3b3051], sa_mask[0]=0xfffefeff, sa_flags=0x00000042
SIGILL: [libjvm.dylib+0x3b3051], sa_mask[0]=0xfffefeff, sa_flags=0x00000042
SIGUSR1: SIG_DFL, sa_mask[0]=0x00000000, sa_flags=0x00000002
SIGUSR2: [libjvm.dylib+0x3b2bea], sa_mask[0]=0x00000004, sa_flags=0x00000042
SIGHUP: [libjvm.dylib+0x3b0e4b], sa_mask[0]=0xfffefeff, sa_flags=0x00000042
SIGINT: [libjvm.dylib+0x3b0e4b], sa_mask[0]=0xfffefeff, sa_flags=0x00000042
SIGTERM: [libjvm.dylib+0x3b0e4b], sa_mask[0]=0xfffefeff, sa_flags=0x00000042
SIGQUIT: [libjvm.dylib+0x3b0e4b], sa_mask[0]=0xfffefeff, sa_flags=0x00000042


---------------  S Y S T E M  ---------------

OS:Bsduname:Darwin 13.0.0 Darwin Kernel Version 13.0.0: Thu Sep 19 22:22:27 PDT 2013; root:xnu-2422.1.72~6/RELEASE_X86_64 x86_64
rlimit: STACK 8192k, CORE 0k, NPROC 709, NOFILE 10240, AS infinity
load average:11.99 12.22 11.23

CPU:total 8 (4 cores per cpu, 2 threads per core) family 6 model 58 stepping 9, cmov, cx8, fxsr, mmx, sse, sse2, sse3, ssse3, sse4.1, sse4.2, popcnt, avx, ht, tsc, tscinvbit, tscinv

Memory: 4k page, physical 701240k(175310k free)

/proc/meminfo:


vm_info: Java HotSpot(TM) 64-Bit Server VM (23.6-b04) for bsd-amd64 JRE (1.7.0_10-b18), built on Nov 28 2012 07:52:20 by "java_re" with gcc 4.2.1 (Based on Apple Inc. build 5658) (LLVM build 2336.9.00)

time: Mon Jan 13 13:26:56 2014
elapsed time: 0 seconds

